Using pre-set license
Built from '2020.3/release' branch; Version is '2020.3.7f1 (dd97f2c94397) revision 14522354'; Using compiler version '192528614'; Build Type 'Release'
OS: 'Windows 10 Home; OS build 19042.1288; Version 2009; 64bit' Language: 'en' Physical Memory: 16319 MB
BatchMode: 1, IsHumanControllingUs: 0, StartBugReporterOnCrash: 0, Is64bit: 1, IsPro: 0

 COMMAND LINE ARGUMENTS:
D:\Unity Version\2020.3.7f1\Editor\Unity.exe
-adb2
-batchMode
-noUpm
-name
AssetImportWorker1
-projectPath
D:/Unity Project/XIARA STUDIO PROJECT/ChocolateProject
-logFile
Logs/AssetImportWorker1.log
-srvPort
59712
Successfully changed project path to: D:/Unity Project/XIARA STUDIO PROJECT/ChocolateProject
D:/Unity Project/XIARA STUDIO PROJECT/ChocolateProject
Using Asset Import Pipeline V2.
Refreshing native plugins compatible for Editor in 46.11 ms, found 1 plugins.
Preloading 0 native plugins for Editor in 0.00 ms.
Initialize engine version: 2020.3.7f1 (dd97f2c94397)
[Subsystems] Discovering subsystems at path D:/Unity Version/2020.3.7f1/Editor/Data/Resources/UnitySubsystems
[Subsystems] Discovering subsystems at path D:/Unity Project/XIARA STUDIO PROJECT/ChocolateProject/Assets
GfxDevice: creating device client; threaded=0
Direct3D:
    Version:  Direct3D 11.0 [level 11.1]
    Renderer: NVIDIA GeForce GTX 980M (ID=0x1617)
    Vendor:   
    VRAM:     4061 MB
    Driver:   23.21.13.8857
Initialize mono
Mono path[0] = 'D:/Unity Version/2020.3.7f1/Editor/Data/Managed'
Mono path[1] = 'D:/Unity Version/2020.3.7f1/Editor/Data/MonoBleedingEdge/lib/mono/unityjit'
Mono config path = 'D:/Unity Version/2020.3.7f1/Editor/Data/MonoBleedingEdge/etc'
Using monoOptions --debugger-agent=transport=dt_socket,embedding=1,server=y,suspend=n,address=127.0.0.1:56044
Begin MonoManager ReloadAssembly
Registering precompiled unity dll's ...
Register platform support module: D:/Unity Version/2020.3.7f1/Editor/Data/PlaybackEngines/WebGLSupport/UnityEditor.WebGL.Extensions.dll
Register platform support module: D:/Unity Version/2020.3.7f1/Editor/Data/PlaybackEngines/WindowsStandaloneSupport/UnityEditor.WindowsStandalone.Extensions.dll
Registered in 0.001834 seconds.
Native extension for WindowsStandalone target not found
Native extension for WebGL target not found
Refreshing native plugins compatible for Editor in 47.07 ms, found 1 plugins.
Preloading 0 native plugins for Editor in 0.00 ms.
Mono: successfully reloaded assembly
- Completed reload, in  2.106 seconds
Platform modules already initialized, skipping
Registering precompiled user dll's ...
Registered in 0.002573 seconds.
Begin MonoManager ReloadAssembly
Native extension for WindowsStandalone target not found
Native extension for WebGL target not found
Refreshing native plugins compatible for Editor in 46.38 ms, found 1 plugins.
Preloading 0 native plugins for Editor in 0.00 ms.
Mono: successfully reloaded assembly
- Completed reload, in  1.205 seconds
Platform modules already initialized, skipping
========================================================================
Worker process is ready to serve import requests
Launched and connected shader compiler UnityShaderCompiler.exe after 0.06 seconds
Refreshing native plugins compatible for Editor in 0.49 ms, found 1 plugins.
Preloading 0 native plugins for Editor in 0.00 ms.
Unloading 1993 Unused Serialized files (Serialized files now loaded: 0)
System memory in use before: 93.3 MB.
System memory in use after: 93.2 MB.

Unloading 27 unused Assets to reduce memory usage. Loaded Objects now: 2440.
Total: 3.284200 ms (FindLiveObjects: 0.262200 ms CreateObjectMapping: 0.168100 ms MarkObjects: 2.493200 ms  DeleteObjects: 0.359300 ms)

========================================================================
Received Import Request.
  path: Assets/Scenes/Level4.unity
  artifactKey: Guid(65c47468d8422ed40bb64c8d802752d7) Importer(815301076,1909f56bfc062723c751e8b465ee728b)
Start importing Assets/Scenes/Level4.unity using Guid(65c47468d8422ed40bb64c8d802752d7) Importer(815301076,1909f56bfc062723c751e8b465ee728b)  -> (artifact id: '9587aabf0c52b5a6aca830cd264de43e') in 0.015890 seconds
  Import took 0.021238 seconds .

========================================================================
Received Import Request.
  Time since last request: 19.287118 seconds.
  path: Assets/Scenes/LevelPrototype.unity
  artifactKey: Guid(2cda990e2423bbf4892e6590ba056729) Importer(815301076,1909f56bfc062723c751e8b465ee728b)
Start importing Assets/Scenes/LevelPrototype.unity using Guid(2cda990e2423bbf4892e6590ba056729) Importer(815301076,1909f56bfc062723c751e8b465ee728b)  -> (artifact id: '018546731e5e4f4e101c5c16e624f68c') in 0.009101 seconds
  Import took 0.012820 seconds .

========================================================================
Received Import Request.
  Time since last request: 2.660030 seconds.
  path: Assets/Scenes/MenuScene 1.unity
  artifactKey: Guid(d62c0d0f2969a704c954bfb6740ce413) Importer(815301076,1909f56bfc062723c751e8b465ee728b)
Start importing Assets/Scenes/MenuScene 1.unity using Guid(d62c0d0f2969a704c954bfb6740ce413) Importer(815301076,1909f56bfc062723c751e8b465ee728b)  -> (artifact id: 'e0ecde763ee103db2ff64b8a0af08740') in 0.009291 seconds
  Import took 0.013066 seconds .

========================================================================
Received Import Request.
  Time since last request: 15.647303 seconds.
  path: Assets/Scenes/FinalScene.unity
  artifactKey: Guid(d62c0d0f2969a704c954bfb6740ce413) Importer(815301076,1909f56bfc062723c751e8b465ee728b)
Start importing Assets/Scenes/FinalScene.unity using Guid(d62c0d0f2969a704c954bfb6740ce413) Importer(815301076,1909f56bfc062723c751e8b465ee728b)  -> (artifact id: '881eb93dd833f397cd590af88accea90') in 0.009858 seconds
  Import took 0.014112 seconds .

========================================================================
Received Import Request.
  Time since last request: 51.692645 seconds.
  path: Assets/Scripts/FinalScreenController.cs
  artifactKey: Guid(3d727d5040f5c9642b83d2ee63650b8b) Importer(815301076,1909f56bfc062723c751e8b465ee728b)
Start importing Assets/Scripts/FinalScreenController.cs using Guid(3d727d5040f5c9642b83d2ee63650b8b) Importer(815301076,1909f56bfc062723c751e8b465ee728b)  -> (artifact id: '37f92005331b8411df6679316547ab13') in 0.064758 seconds
  Import took 0.068031 seconds .

========================================================================
Received Prepare
Registering precompiled user dll's ...
Registered in 0.002035 seconds.
Begin MonoManager ReloadAssembly
Native extension for WindowsStandalone target not found
Native extension for WebGL target not found
Refreshing native plugins compatible for Editor in 0.43 ms, found 1 plugins.
Preloading 0 native plugins for Editor in 0.00 ms.
Mono: successfully reloaded assembly
- Completed reload, in  1.060 seconds
Platform modules already initialized, skipping
Refreshing native plugins compatible for Editor in 0.76 ms, found 1 plugins.
Preloading 0 native plugins for Editor in 0.00 ms.
Unloading 1974 Unused Serialized files (Serialized files now loaded: 0)
System memory in use before: 91.9 MB.
System memory in use after: 91.8 MB.

Unloading 15 unused Assets to reduce memory usage. Loaded Objects now: 2445.
Total: 2.700200 ms (FindLiveObjects: 0.338300 ms CreateObjectMapping: 0.092400 ms MarkObjects: 2.121600 ms  DeleteObjects: 0.146600 ms)

========================================================================
Received Prepare
Registering precompiled user dll's ...
Registered in 0.001714 seconds.
Begin MonoManager ReloadAssembly
Native extension for WindowsStandalone target not found
Native extension for WebGL target not found
Refreshing native plugins compatible for Editor in 0.43 ms, found 1 plugins.
Preloading 0 native plugins for Editor in 0.00 ms.
Mono: successfully reloaded assembly
- Completed reload, in  1.046 seconds
Platform modules already initialized, skipping
Refreshing native plugins compatible for Editor in 0.56 ms, found 1 plugins.
Preloading 0 native plugins for Editor in 0.00 ms.
Unloading 1974 Unused Serialized files (Serialized files now loaded: 0)
System memory in use before: 91.9 MB.
System memory in use after: 91.9 MB.

Unloading 15 unused Assets to reduce memory usage. Loaded Objects now: 2449.
Total: 2.836100 ms (FindLiveObjects: 0.474100 ms CreateObjectMapping: 0.105200 ms MarkObjects: 2.077200 ms  DeleteObjects: 0.177200 ms)

========================================================================
Received Prepare
Registering precompiled user dll's ...
Registered in 0.002217 seconds.
Begin MonoManager ReloadAssembly
Native extension for WindowsStandalone target not found
Native extension for WebGL target not found
Refreshing native plugins compatible for Editor in 0.43 ms, found 1 plugins.
Preloading 0 native plugins for Editor in 0.00 ms.
Mono: successfully reloaded assembly
- Completed reload, in  1.002 seconds
Platform modules already initialized, skipping
Refreshing native plugins compatible for Editor in 0.57 ms, found 1 plugins.
Preloading 0 native plugins for Editor in 0.00 ms.
Unloading 1974 Unused Serialized files (Serialized files now loaded: 0)
System memory in use before: 91.9 MB.
System memory in use after: 91.9 MB.

Unloading 15 unused Assets to reduce memory usage. Loaded Objects now: 2453.
Total: 4.151000 ms (FindLiveObjects: 0.509000 ms CreateObjectMapping: 0.286100 ms MarkObjects: 3.201100 ms  DeleteObjects: 0.152900 ms)

AssetImportWorkerClient::OnTransportError - code=2 error=End of file
